<?xml version="1.0" encoding="UTF-8"?>
<testsuite name="com.manuel.workshop.WorkshopApplicationTests" tests="1" skipped="0" failures="0" errors="0" timestamp="2023-04-12T17:15:25" hostname="MANUEL-PC" time="0.202">
  <properties/>
  <testcase name="contextLoads()" classname="com.manuel.workshop.WorkshopApplicationTests" time="0.202"/>
  <system-out><![CDATA[12:15:18.483 [Test worker] DEBUG org.springframework.test.context.BootstrapUtils - Instantiating CacheAwareContextLoaderDelegate from class [org.springframework.test.context.cache.DefaultCacheAwareContextLoaderDelegate]
12:15:18.498 [Test worker] DEBUG org.springframework.test.context.BootstrapUtils - Instantiating BootstrapContext using constructor [public org.springframework.test.context.support.DefaultBootstrapContext(java.lang.Class,org.springframework.test.context.CacheAwareContextLoaderDelegate)]
12:15:18.539 [Test worker] DEBUG org.springframework.test.context.BootstrapUtils - Instantiating TestContextBootstrapper for test class [com.manuel.workshop.WorkshopApplicationTests] from class [org.springframework.boot.test.context.SpringBootTestContextBootstrapper]
12:15:18.550 [Test worker] INFO org.springframework.boot.test.context.SpringBootTestContextBootstrapper - Neither @ContextConfiguration nor @ContextHierarchy found for test class [com.manuel.workshop.WorkshopApplicationTests], using SpringBootContextLoader
12:15:18.553 [Test worker] DEBUG org.springframework.test.context.support.AbstractContextLoader - Did not detect default resource location for test class [com.manuel.workshop.WorkshopApplicationTests]: class path resource [com/manuel/workshop/WorkshopApplicationTests-context.xml] does not exist
12:15:18.554 [Test worker] DEBUG org.springframework.test.context.support.AbstractContextLoader - Did not detect default resource location for test class [com.manuel.workshop.WorkshopApplicationTests]: class path resource [com/manuel/workshop/WorkshopApplicationTestsContext.groovy] does not exist
12:15:18.554 [Test worker] INFO org.springframework.test.context.support.AbstractContextLoader - Could not detect default resource locations for test class [com.manuel.workshop.WorkshopApplicationTests]: no resource found for suffixes {-context.xml, Context.groovy}.
12:15:18.555 [Test worker] INFO org.springframework.test.context.support.AnnotationConfigContextLoaderUtils - Could not detect default configuration classes for test class [com.manuel.workshop.WorkshopApplicationTests]: WorkshopApplicationTests does not declare any static, non-private, non-final, nested classes annotated with @Configuration.
12:15:18.591 [Test worker] DEBUG org.springframework.test.context.support.ActiveProfilesUtils - Could not find an 'annotation declaring class' for annotation type [org.springframework.test.context.ActiveProfiles] and class [com.manuel.workshop.WorkshopApplicationTests]
12:15:18.662 [Test worker] DEBUG org.springframework.context.annotation.ClassPathScanningCandidateComponentProvider - Identified candidate component class: file [C:\Users\57302\OneDrive\Documents\GitHub\workshop-reservas\build\classes\java\main\com\manuel\workshop\WorkshopApplication.class]
12:15:18.664 [Test worker] INFO org.springframework.boot.test.context.SpringBootTestContextBootstrapper - Found @SpringBootConfiguration com.manuel.workshop.WorkshopApplication for test class com.manuel.workshop.WorkshopApplicationTests
12:15:18.777 [Test worker] DEBUG org.springframework.boot.test.context.SpringBootTestContextBootstrapper - @TestExecutionListeners is not present for class [com.manuel.workshop.WorkshopApplicationTests]: using defaults.
12:15:18.778 [Test worker] INFO org.springframework.boot.test.context.SpringBootTestContextBootstrapper - Loaded default TestExecutionListener class names from location [META-INF/spring.factories]: [org.springframework.boot.test.autoconfigure.restdocs.RestDocsTestExecutionListener, org.springframework.boot.test.autoconfigure.web.client.MockRestServiceServerResetTestExecutionListener, org.springframework.boot.test.autoconfigure.web.servlet.MockMvcPrintOnlyOnFailureTestExecutionListener, org.springframework.boot.test.autoconfigure.web.servlet.WebDriverTestExecutionListener, org.springframework.boot.test.autoconfigure.webservices.client.MockWebServiceServerTestExecutionListener, org.springframework.boot.test.mock.mockito.MockitoTestExecutionListener, org.springframework.boot.test.mock.mockito.ResetMocksTestExecutionListener, org.springframework.test.context.web.ServletTestExecutionListener, org.springframework.test.context.support.DirtiesContextBeforeModesTestExecutionListener, org.springframework.test.context.event.ApplicationEventsTestExecutionListener, org.springframework.test.context.support.DependencyInjectionTestExecutionListener, org.springframework.test.context.support.DirtiesContextTestExecutionListener, org.springframework.test.context.transaction.TransactionalTestExecutionListener, org.springframework.test.context.jdbc.SqlScriptsTestExecutionListener, org.springframework.test.context.event.EventPublishingTestExecutionListener]
12:15:18.794 [Test worker] INFO org.springframework.boot.test.context.SpringBootTestContextBootstrapper - Using TestExecutionListeners: [org.springframework.test.context.web.ServletTestExecutionListener@72f46e16, org.springframework.test.context.support.DirtiesContextBeforeModesTestExecutionListener@3c9168dc, org.springframework.test.context.event.ApplicationEventsTestExecutionListener@332a7fce, org.springframework.boot.test.mock.mockito.MockitoTestExecutionListener@549621f3, org.springframework.boot.test.autoconfigure.SpringBootDependencyInjectionTestExecutionListener@54361a9, org.springframework.test.context.support.DirtiesContextTestExecutionListener@32232e55, org.springframework.test.context.transaction.TransactionalTestExecutionListener@5217f3d0, org.springframework.test.context.jdbc.SqlScriptsTestExecutionListener@37ebc9d8, org.springframework.test.context.event.EventPublishingTestExecutionListener@293bb8a5, org.springframework.boot.test.autoconfigure.restdocs.RestDocsTestExecutionListener@2416a51, org.springframework.boot.test.autoconfigure.web.client.MockRestServiceServerResetTestExecutionListener@6fa590ba, org.springframework.boot.test.autoconfigure.web.servlet.MockMvcPrintOnlyOnFailureTestExecutionListener@6e9319f, org.springframework.boot.test.autoconfigure.web.servlet.WebDriverTestExecutionListener@72e34f77, org.springframework.boot.test.autoconfigure.webservices.client.MockWebServiceServerTestExecutionListener@7bf9b098, org.springframework.boot.test.mock.mockito.ResetMocksTestExecutionListener@389adf1d]
12:15:18.798 [Test worker] DEBUG org.springframework.test.context.support.AbstractDirtiesContextTestExecutionListener - Before test class: context [DefaultTestContext@7997b197 testClass = WorkshopApplicationTests, testInstance = [null], testMethod = [null], testException = [null], mergedContextConfiguration = [WebMergedContextConfiguration@11dee337 testClass = WorkshopApplicationTests, locations = '{}', classes = '{class com.manuel.workshop.WorkshopApplication}', contextInitializerClasses = '[]', activeProfiles = '{}', propertySourceLocations = '{}', propertySourceProperties = '{org.springframework.boot.test.context.SpringBootTestContextBootstrapper=true}', contextCustomizers = set[org.springframework.boot.test.autoconfigure.actuate.metrics.MetricsExportContextCustomizerFactory$DisableMetricExportContextCustomizer@2d6764b2, org.springframework.boot.test.autoconfigure.properties.PropertyMappingContextCustomizer@0, org.springframework.boot.test.autoconfigure.web.servlet.WebDriverContextCustomizerFactory$Customizer@604c5de8, org.springframework.boot.test.context.filter.ExcludeFilterContextCustomizer@2a640157, org.springframework.boot.test.json.DuplicateJsonObjectContextCustomizerFactory$DuplicateJsonObjectContextCustomizer@2dca0d64, org.springframework.boot.test.mock.mockito.MockitoContextCustomizer@0, org.springframework.boot.test.web.client.TestRestTemplateContextCustomizer@33b1c5c5, org.springframework.boot.test.context.SpringBootTestArgs@1, org.springframework.boot.test.context.SpringBootTestWebEnvironment@741a8937], resourceBasePath = 'src/main/webapp', contextLoader = 'org.springframework.boot.test.context.SpringBootContextLoader', parent = [null]], attributes = map['org.springframework.test.context.web.ServletTestExecutionListener.activateListener' -> true]], class annotated with @DirtiesContext [false] with mode [null].

  .   ____          _            __ _ _
 /\\ / ___'_ __ _ _(_)_ __  __ _ \ \ \ \
( ( )\___ | '_ | '_| | '_ \/ _` | \ \ \ \
 \\/  ___)| |_)| | | | | || (_| |  ) ) ) )
  '  |____| .__|_| |_|_| |_\__, | / / / /
 =========|_|==============|___/=/_/_/_/
 :: Spring Boot ::      (v2.7.11-SNAPSHOT)

2023-04-12 12:15:19.178  INFO 16568 --- [    Test worker] c.m.workshop.WorkshopApplicationTests    : Starting WorkshopApplicationTests using Java 17.0.6 on Manuel-PC with PID 16568 (started by 57302 in C:\Users\57302\OneDrive\Documents\GitHub\workshop-reservas)
2023-04-12 12:15:19.180  INFO 16568 --- [    Test worker] c.m.workshop.WorkshopApplicationTests    : No active profile set, falling back to 1 default profile: "default"
2023-04-12 12:15:20.697  INFO 16568 --- [    Test worker] .s.d.r.c.RepositoryConfigurationDelegate : Bootstrapping Spring Data JPA repositories in DEFAULT mode.
2023-04-12 12:15:20.871  INFO 16568 --- [    Test worker] .s.d.r.c.RepositoryConfigurationDelegate : Finished Spring Data repository scanning in 148 ms. Found 3 JPA repository interfaces.
2023-04-12 12:15:21.935  INFO 16568 --- [    Test worker] o.hibernate.jpa.internal.util.LogHelper  : HHH000204: Processing PersistenceUnitInfo [name: default]
2023-04-12 12:15:22.000  INFO 16568 --- [    Test worker] org.hibernate.Version                    : HHH000412: Hibernate ORM core version 5.6.15.Final
2023-04-12 12:15:22.221  INFO 16568 --- [    Test worker] o.hibernate.annotations.common.Version   : HCANN000001: Hibernate Commons Annotations {5.1.2.Final}
2023-04-12 12:15:22.357  INFO 16568 --- [    Test worker] com.zaxxer.hikari.HikariDataSource       : HikariPool-1 - Starting...
2023-04-12 12:15:22.558  INFO 16568 --- [    Test worker] com.zaxxer.hikari.HikariDataSource       : HikariPool-1 - Start completed.
2023-04-12 12:15:22.574  INFO 16568 --- [    Test worker] org.hibernate.dialect.Dialect            : HHH000400: Using dialect: org.hibernate.dialect.H2Dialect
Hibernate: create table clientes (cedula integer not null, apellido varchar(255) not null, contrasena varchar(255), habilidata varchar(255), direccion varchar(255), edad integer, correo varchar(255), nombre varchar(255) not null, primary key (cedula))
Hibernate: create table habitaciones (numero integer not null, precio integer, tipo varchar(255) not null, primary key (numero))
Hibernate: create table reservas (codigo_reserva integer not null, fecha date, total integer, cedula integer, numero integer, primary key (codigo_reserva))
Hibernate: create sequence hibernate_sequence start with 1 increment by 1
Hibernate: alter table reservas add constraint FKijp1w5u1e2p6e9ghbgk1bs3ra foreign key (cedula) references clientes
Hibernate: alter table reservas add constraint FKb71sbe51hwgbg28exyg54b7ia foreign key (numero) references habitaciones
2023-04-12 12:15:23.355  INFO 16568 --- [    Test worker] o.h.e.t.j.p.i.JtaPlatformInitiator       : HHH000490: Using JtaPlatform implementation: [org.hibernate.engine.transaction.jta.platform.internal.NoJtaPlatform]
2023-04-12 12:15:23.370  INFO 16568 --- [    Test worker] j.LocalContainerEntityManagerFactoryBean : Initialized JPA EntityManagerFactory for persistence unit 'default'
2023-04-12 12:15:24.506  WARN 16568 --- [    Test worker] JpaBaseConfiguration$JpaWebConfiguration : spring.jpa.open-in-view is enabled by default. Therefore, database queries may be performed during view rendering. Explicitly configure spring.jpa.open-in-view to disable this warning
2023-04-12 12:15:24.625  INFO 16568 --- [    Test worker] o.s.b.a.h2.H2ConsoleAutoConfiguration    : H2 console available at '/h2-console'. Database available at 'jdbc:h2:mem:testdb'
2023-04-12 12:15:25.947  INFO 16568 --- [    Test worker] c.m.workshop.WorkshopApplicationTests    : Started WorkshopApplicationTests in 7.111 seconds (JVM running for 8.342)
]]></system-out>
  <system-err><![CDATA[]]></system-err>
</testsuite>
